-------------------------------------------------------------------------------
Test set: com.huellitascallejeras.tests.NavigationTest
-------------------------------------------------------------------------------
Tests run: 1, Failures: 0, Errors: 1, Skipped: 0, Time elapsed: 12.18 s <<< FAILURE! -- in com.huellitascallejeras.tests.NavigationTest
com.huellitascallejeras.tests.NavigationTest -- Time elapsed: 12.18 s <<< ERROR!
org.openqa.selenium.TimeoutException: 
Expected condition failed: waiting for visibility of element located by By.id: email (tried for 10 second(s) with 500 milliseconds interval)
Build info: version: '4.18.1', revision: 'b1d3319b48'
System info: os.name: 'Windows 11', os.arch: 'amd64', os.version: '10.0', java.version: '21.0.7'
Driver info: org.openqa.selenium.chrome.ChromeDriver
Capabilities {acceptInsecureCerts: false, browserName: chrome, browserVersion: 145.0.7632.160, chrome: {chromedriverVersion: 145.0.7632.117 (de4e5d6e13b..., userDataDir: C:\Users\Mitee\AppData\Loca...}, fedcm:accounts: true, goog:chromeOptions: {debuggerAddress: localhost:56126}, goog:processID: 12076, networkConnectionEnabled: false, pageLoadStrategy: normal, platformName: windows, proxy: Proxy(), se:cdp: ws://localhost:56126/devtoo..., se:cdpVersion: 145.0.7632.160, setWindowRect: true, strictFileInteractability: false, timeouts: {implicit: 0, pageLoad: 300000, script: 30000}, unhandledPromptBehavior: dismiss and notify, webauthn:extension:credBlob: true, webauthn:extension:largeBlob: true, webauthn:extension:minPinLength: true, webauthn:extension:prf: true, webauthn:virtualAuthenticators: true}
Session ID: 0436cdcdab84acb5eafe44be63f64874
	at org.openqa.selenium.support.ui.WebDriverWait.timeoutException(WebDriverWait.java:84)
	at org.openqa.selenium.support.ui.FluentWait.until(FluentWait.java:228)
	at com.huellitascallejeras.utils.WaitUtils.untilVisible(WaitUtils.java:27)
	at com.huellitascallejeras.pages.LoginPage.enterEmail(LoginPage.java:29)
	at com.huellitascallejeras.pages.LoginPage.login(LoginPage.java:45)
	at com.huellitascallejeras.utils.AuthUtils.loginAs(AuthUtils.java:55)
	at com.huellitascallejeras.utils.AuthUtils.loginAsOwner(AuthUtils.java:48)
	at com.huellitascallejeras.tests.NavigationTest.setUp(NavigationTest.java:35)
	at java.base/java.lang.reflect.Method.invoke(Method.java:580)
	at java.base/java.util.ArrayList.forEach(ArrayList.java:1596)

